# JRE version: OpenJDK Runtime Environment Temurin-17.0.13+11 (17.0.13+11) (build 17.0.13+11)
# Java VM: OpenJDK 64-Bit Server VM Temurin-17.0.13+11 (17.0.13+11, mixed mode, tiered, compressed oops, compressed class ptrs, parallel gc, windows-amd64)
GC Precious Log:
 CPUs: 4 total, 4 available
 Memory: 3901M
 Large Page Support: Disabled
 NUMA Support: Disabled
 Compressed Oops: Enabled (32-bit)
 Alignments: Space 512K, Generation 512K, Heap 2M
 Heap Min Capacity: 100M
 Heap Initial Capacity: 100M
 Heap Max Capacity: 1G
 Pre-touch: Disabled
 Parallel Workers: 4
Heap:
 PSYoungGen      total 20992K, used 16666K [0x00000000eab00000, 0x00000000ec380000, 0x0000000100000000)
  eden space 17920K, 77% used [0x00000000eab00000,0x00000000eb893238,0x00000000ebc80000)
  from space 3072K, 90% used [0x00000000ec080000,0x00000000ec3336d0,0x00000000ec380000)
  to   space 3072K, 0% used [0x00000000ebd80000,0x00000000ebd80000,0x00000000ec080000)
 ParOldGen       total 68608K, used 39503K [0x00000000c0000000, 0x00000000c4300000, 0x00000000eab00000)
  object space 68608K, 57% used [0x00000000c0000000,0x00000000c2693dd0,0x00000000c4300000)
 Metaspace       used 64152K, committed 65344K, reserved 1114112K
  class space    used 6839K, committed 7360K, reserved 1048576K
GC Heap History (20 events):
Event: 22.701 GC heap before
{Heap before GC invocations=24 (full 2):
 PSYoungGen      total 24064K, used 24034K [0x00000000eab00000, 0x00000000ec980000, 0x0000000100000000)
  eden space 22016K, 99% used [0x00000000eab00000,0x00000000ec07fff0,0x00000000ec080000)
  from space 2048K, 98% used [0x00000000ec080000,0x00000000ec278810,0x00000000ec280000)
  to   space 4608K, 0% used [0x00000000ec500000,0x00000000ec500000,0x00000000ec980000)
 ParOldGen       total 68608K, used 27030K [0x00000000c0000000, 0x00000000c4300000, 0x00000000eab00000)
  object space 68608K, 39% used [0x00000000c0000000,0x00000000c1a65868,0x00000000c4300000)
 Metaspace       used 55520K, committed 56576K, reserved 1114112K
  class space    used 5945K, committed 6400K, reserved 1048576K
}
Event: 22.710 GC heap after
{Heap after GC invocations=24 (full 2):
 PSYoungGen      total 24064K, used 2023K [0x00000000eab00000, 0x00000000ec700000, 0x0000000100000000)
  eden space 22016K, 0% used [0x00000000eab00000,0x00000000eab00000,0x00000000ec080000)
  from space 2048K, 98% used [0x00000000ec500000,0x00000000ec6f9c58,0x00000000ec700000)
  to   space 3072K, 0% used [0x00000000ec100000,0x00000000ec100000,0x00000000ec400000)
 ParOldGen       total 68608K, used 29021K [0x00000000c0000000, 0x00000000c4300000, 0x00000000eab00000)
  object space 68608K, 42% used [0x00000000c0000000,0x00000000c1c574d0,0x00000000c4300000)
 Metaspace       used 55520K, committed 56576K, reserved 1114112K
  class space    used 5945K, committed 6400K, reserved 1048576K
}
Event: 23.442 GC heap before
{Heap before GC invocations=25 (full 2):
 PSYoungGen      total 24064K, used 24002K [0x00000000eab00000, 0x00000000ec700000, 0x0000000100000000)
  eden space 22016K, 99% used [0x00000000eab00000,0x00000000ec076bf0,0x00000000ec080000)
  from space 2048K, 98% used [0x00000000ec500000,0x00000000ec6f9c58,0x00000000ec700000)
  to   space 3072K, 0% used [0x00000000ec100000,0x00000000ec100000,0x00000000ec400000)
 ParOldGen       total 68608K, used 29021K [0x00000000c0000000, 0x00000000c4300000, 0x00000000eab00000)
  object space 68608K, 42% used [0x00000000c0000000,0x00000000c1c574d0,0x00000000c4300000)
 Metaspace       used 56542K, committed 57664K, reserved 1114112K
  class space    used 6048K, committed 6528K, reserved 1048576K
}
Event: 23.452 GC heap after
{Heap after GC invocations=25 (full 2):
 PSYoungGen      total 23552K, used 1272K [0x00000000eab00000, 0x00000000ec580000, 0x0000000100000000)
  eden space 22016K, 0% used [0x00000000eab00000,0x00000000eab00000,0x00000000ec080000)
  from space 1536K, 82% used [0x00000000ec100000,0x00000000ec23e1f0,0x00000000ec280000)
  to   space 2048K, 0% used [0x00000000ec380000,0x00000000ec380000,0x00000000ec580000)
 ParOldGen       total 68608K, used 30785K [0x00000000c0000000, 0x00000000c4300000, 0x00000000eab00000)
  object space 68608K, 44% used [0x00000000c0000000,0x00000000c1e10698,0x00000000c4300000)
 Metaspace       used 56542K, committed 57664K, reserved 1114112K
  class space    used 6048K, committed 6528K, reserved 1048576K
}
Event: 24.617 GC heap before
{Heap before GC invocations=26 (full 2):
 PSYoungGen      total 23552K, used 23288K [0x00000000eab00000, 0x00000000ec580000, 0x0000000100000000)
  eden space 22016K, 100% used [0x00000000eab00000,0x00000000ec080000,0x00000000ec080000)
  from space 1536K, 82% used [0x00000000ec100000,0x00000000ec23e1f0,0x00000000ec280000)
  to   space 2048K, 0% used [0x00000000ec380000,0x00000000ec380000,0x00000000ec580000)
 ParOldGen       total 68608K, used 30785K [0x00000000c0000000, 0x00000000c4300000, 0x00000000eab00000)
  object space 68608K, 44% used [0x00000000c0000000,0x00000000c1e10698,0x00000000c4300000)
 Metaspace       used 58424K, committed 59648K, reserved 1114112K
  class space    used 6280K, committed 6784K, reserved 1048576K
}
Event: 24.625 GC heap after
{Heap after GC invocations=26 (full 2):
 PSYoungGen      total 23552K, used 1353K [0x00000000eab00000, 0x00000000ec500000, 0x0000000100000000)
  eden space 22016K, 0% used [0x00000000eab00000,0x00000000eab00000,0x00000000ec080000)
  from space 1536K, 88% used [0x00000000ec380000,0x00000000ec4d2508,0x00000000ec500000)
  to   space 1536K, 0% used [0x00000000ec100000,0x00000000ec100000,0x00000000ec280000)
 ParOldGen       total 68608K, used 31695K [0x00000000c0000000, 0x00000000c4300000, 0x00000000eab00000)
  object space 68608K, 46% used [0x00000000c0000000,0x00000000c1ef3e28,0x00000000c4300000)
 Metaspace       used 58424K, committed 59648K, reserved 1114112K
  class space    used 6280K, committed 6784K, reserved 1048576K
}
Event: 24.669 GC heap before
{Heap before GC invocations=27 (full 2):
 PSYoungGen      total 23552K, used 3155K [0x00000000eab00000, 0x00000000ec500000, 0x0000000100000000)
  eden space 22016K, 8% used [0x00000000eab00000,0x00000000eacc2a80,0x00000000ec080000)
  from space 1536K, 88% used [0x00000000ec380000,0x00000000ec4d2508,0x00000000ec500000)
  to   space 1536K, 0% used [0x00000000ec100000,0x00000000ec100000,0x00000000ec280000)
 ParOldGen       total 68608K, used 31695K [0x00000000c0000000, 0x00000000c4300000, 0x00000000eab00000)
  object space 68608K, 46% used [0x00000000c0000000,0x00000000c1ef3e28,0x00000000c4300000)
 Metaspace       used 58593K, committed 59776K, reserved 1114112K
  class space    used 6294K, committed 6784K, reserved 1048576K
}
Event: 24.674 GC heap after
{Heap after GC invocations=27 (full 2):
 PSYoungGen      total 23552K, used 352K [0x00000000eab00000, 0x00000000ec400000, 0x0000000100000000)
  eden space 22016K, 0% used [0x00000000eab00000,0x00000000eab00000,0x00000000ec080000)
  from space 1536K, 22% used [0x00000000ec100000,0x00000000ec158030,0x00000000ec280000)
  to   space 1024K, 0% used [0x00000000ec300000,0x00000000ec300000,0x00000000ec400000)
 ParOldGen       total 68608K, used 32907K [0x00000000c0000000, 0x00000000c4300000, 0x00000000eab00000)
  object space 68608K, 47% used [0x00000000c0000000,0x00000000c2022d78,0x00000000c4300000)
 Metaspace       used 58593K, committed 59776K, reserved 1114112K
  class space    used 6294K, committed 6784K, reserved 1048576K
}
Event: 24.674 GC heap before
{Heap before GC invocations=28 (full 3):
 PSYoungGen      total 23552K, used 352K [0x00000000eab00000, 0x00000000ec400000, 0x0000000100000000)
  eden space 22016K, 0% used [0x00000000eab00000,0x00000000eab00000,0x00000000ec080000)
  from space 1536K, 22% used [0x00000000ec100000,0x00000000ec158030,0x00000000ec280000)
  to   space 1024K, 0% used [0x00000000ec300000,0x00000000ec300000,0x00000000ec400000)
 ParOldGen       total 68608K, used 32907K [0x00000000c0000000, 0x00000000c4300000, 0x00000000eab00000)
  object space 68608K, 47% used [0x00000000c0000000,0x00000000c2022d78,0x00000000c4300000)
 Metaspace       used 58593K, committed 59776K, reserved 1114112K
  class space    used 6294K, committed 6784K, reserved 1048576K
}
Event: 24.836 GC heap after
{Heap after GC invocations=28 (full 3):
 PSYoungGen      total 23552K, used 0K [0x00000000eab00000, 0x00000000ec400000, 0x0000000100000000)
  eden space 22016K, 0% used [0x00000000eab00000,0x00000000eab00000,0x00000000ec080000)
  from space 1536K, 0% used [0x00000000ec100000,0x00000000ec100000,0x00000000ec280000)
  to   space 1024K, 0% used [0x00000000ec300000,0x00000000ec300000,0x00000000ec400000)
 ParOldGen       total 68608K, used 30262K [0x00000000c0000000, 0x00000000c4300000, 0x00000000eab00000)
  object space 68608K, 44% used [0x00000000c0000000,0x00000000c1d8d868,0x00000000c4300000)
 Metaspace       used 58593K, committed 59776K, reserved 1114112K
  class space    used 6294K, committed 6784K, reserved 1048576K
}
Event: 25.678 GC heap before
{Heap before GC invocations=29 (full 3):
 PSYoungGen      total 23552K, used 22016K [0x00000000eab00000, 0x00000000ec400000, 0x0000000100000000)
  eden space 22016K, 100% used [0x00000000eab00000,0x00000000ec080000,0x00000000ec080000)
  from space 1536K, 0% used [0x00000000ec100000,0x00000000ec100000,0x00000000ec280000)
  to   space 1024K, 0% used [0x00000000ec300000,0x00000000ec300000,0x00000000ec400000)
 ParOldGen       total 68608K, used 30262K [0x00000000c0000000, 0x00000000c4300000, 0x00000000eab00000)
  object space 68608K, 44% used [0x00000000c0000000,0x00000000c1d8d868,0x00000000c4300000)
 Metaspace       used 60031K, committed 61184K, reserved 1114112K
  class space    used 6452K, committed 6976K, reserved 1048576K
}
Event: 25.680 GC heap after
{Heap after GC invocations=29 (full 3):
 PSYoungGen      total 23040K, used 1011K [0x00000000eab00000, 0x00000000ec400000, 0x0000000100000000)
  eden space 22016K, 0% used [0x00000000eab00000,0x00000000eab00000,0x00000000ec080000)
  from space 1024K, 98% used [0x00000000ec300000,0x00000000ec3fcec8,0x00000000ec400000)
  to   space 1536K, 0% used [0x00000000ec100000,0x00000000ec100000,0x00000000ec280000)
 ParOldGen       total 68608K, used 30406K [0x00000000c0000000, 0x00000000c4300000, 0x00000000eab00000)
  object space 68608K, 44% used [0x00000000c0000000,0x00000000c1db1908,0x00000000c4300000)
 Metaspace       used 60031K, committed 61184K, reserved 1114112K
  class space    used 6452K, committed 6976K, reserved 1048576K
}
Event: 26.494 GC heap before
{Heap before GC invocations=30 (full 3):
 PSYoungGen      total 23040K, used 23027K [0x00000000eab00000, 0x00000000ec400000, 0x0000000100000000)
  eden space 22016K, 100% used [0x00000000eab00000,0x00000000ec080000,0x00000000ec080000)
  from space 1024K, 98% used [0x00000000ec300000,0x00000000ec3fcec8,0x00000000ec400000)
  to   space 1536K, 0% used [0x00000000ec100000,0x00000000ec100000,0x00000000ec280000)
 ParOldGen       total 68608K, used 30406K [0x00000000c0000000, 0x00000000c4300000, 0x00000000eab00000)
  object space 68608K, 44% used [0x00000000c0000000,0x00000000c1db1908,0x00000000c4300000)
 Metaspace       used 61282K, committed 62464K, reserved 1114112K
  class space    used 6548K, committed 7040K, reserved 1048576K
}
Event: 26.498 GC heap after
{Heap after GC invocations=30 (full 3):
 PSYoungGen      total 23552K, used 1512K [0x00000000eab00000, 0x00000000ec680000, 0x0000000100000000)
  eden space 22016K, 0% used [0x00000000eab00000,0x00000000eab00000,0x00000000ec080000)
  from space 1536K, 98% used [0x00000000ec100000,0x00000000ec27a238,0x00000000ec280000)
  to   space 3072K, 0% used [0x00000000ec380000,0x00000000ec380000,0x00000000ec680000)
 ParOldGen       total 68608K, used 31372K [0x00000000c0000000, 0x00000000c4300000, 0x00000000eab00000)
  object space 68608K, 45% used [0x00000000c0000000,0x00000000c1ea3028,0x00000000c4300000)
 Metaspace       used 61282K, committed 62464K, reserved 1114112K
  class space    used 6548K, committed 7040K, reserved 1048576K
}
Event: 26.717 GC heap before
{Heap before GC invocations=31 (full 3):
 PSYoungGen      total 23552K, used 23528K [0x00000000eab00000, 0x00000000ec680000, 0x0000000100000000)
  eden space 22016K, 100% used [0x00000000eab00000,0x00000000ec080000,0x00000000ec080000)
  from space 1536K, 98% used [0x00000000ec100000,0x00000000ec27a238,0x00000000ec280000)
  to   space 3072K, 0% used [0x00000000ec380000,0x00000000ec380000,0x00000000ec680000)
 ParOldGen       total 68608K, used 31372K [0x00000000c0000000, 0x00000000c4300000, 0x00000000eab00000)
  object space 68608K, 45% used [0x00000000c0000000,0x00000000c1ea3028,0x00000000c4300000)
 Metaspace       used 62103K, committed 63232K, reserved 1114112K
  class space    used 6626K, committed 7104K, reserved 1048576K
}
Event: 26.723 GC heap after
{Heap after GC invocations=31 (full 3):
 PSYoungGen      total 20992K, used 3059K [0x00000000eab00000, 0x00000000ece80000, 0x0000000100000000)
  eden space 17920K, 0% used [0x00000000eab00000,0x00000000eab00000,0x00000000ebc80000)
  from space 3072K, 99% used [0x00000000ec380000,0x00000000ec67cd98,0x00000000ec680000)
  to   space 7168K, 0% used [0x00000000ebc80000,0x00000000ebc80000,0x00000000ec380000)
 ParOldGen       total 68608K, used 34381K [0x00000000c0000000, 0x00000000c4300000, 0x00000000eab00000)
  object space 68608K, 50% used [0x00000000c0000000,0x00000000c21935f8,0x00000000c4300000)
 Metaspace       used 62103K, committed 63232K, reserved 1114112K
  class space    used 6626K, committed 7104K, reserved 1048576K
}
Event: 26.934 GC heap before
{Heap before GC invocations=32 (full 3):
 PSYoungGen      total 20992K, used 20979K [0x00000000eab00000, 0x00000000ece80000, 0x0000000100000000)
  eden space 17920K, 100% used [0x00000000eab00000,0x00000000ebc80000,0x00000000ebc80000)
  from space 3072K, 99% used [0x00000000ec380000,0x00000000ec67cd98,0x00000000ec680000)
  to   space 7168K, 0% used [0x00000000ebc80000,0x00000000ebc80000,0x00000000ec380000)
 ParOldGen       total 68608K, used 34381K [0x00000000c0000000, 0x00000000c4300000, 0x00000000eab00000)
  object space 68608K, 50% used [0x00000000c0000000,0x00000000c21935f8,0x00000000c4300000)
 Metaspace       used 63108K, committed 64256K, reserved 1114112K
  class space    used 6742K, committed 7296K, reserved 1048576K
}
Event: 26.942 GC heap after
{Heap after GC invocations=32 (full 3):
 PSYoungGen      total 20480K, used 2292K [0x00000000eab00000, 0x00000000ec480000, 0x0000000100000000)
  eden space 17920K, 0% used [0x00000000eab00000,0x00000000eab00000,0x00000000ebc80000)
  from space 2560K, 89% used [0x00000000ebc80000,0x00000000ebebd0d8,0x00000000ebf00000)
  to   space 4096K, 0% used [0x00000000ec080000,0x00000000ec080000,0x00000000ec480000)
 ParOldGen       total 68608K, used 37398K [0x00000000c0000000, 0x00000000c4300000, 0x00000000eab00000)
  object space 68608K, 54% used [0x00000000c0000000,0x00000000c2485a70,0x00000000c4300000)
 Metaspace       used 63108K, committed 64256K, reserved 1114112K
  class space    used 6742K, committed 7296K, reserved 1048576K
}
Event: 27.129 GC heap before
{Heap before GC invocations=33 (full 3):
 PSYoungGen      total 20480K, used 20212K [0x00000000eab00000, 0x00000000ec480000, 0x0000000100000000)
  eden space 17920K, 100% used [0x00000000eab00000,0x00000000ebc80000,0x00000000ebc80000)
  from space 2560K, 89% used [0x00000000ebc80000,0x00000000ebebd0d8,0x00000000ebf00000)
  to   space 4096K, 0% used [0x00000000ec080000,0x00000000ec080000,0x00000000ec480000)
 ParOldGen       total 68608K, used 37398K [0x00000000c0000000, 0x00000000c4300000, 0x00000000eab00000)
  object space 68608K, 54% used [0x00000000c0000000,0x00000000c2485a70,0x00000000c4300000)
 Metaspace       used 63572K, committed 64768K, reserved 1114112K
  class space    used 6781K, committed 7296K, reserved 1048576K
}
Event: 27.137 GC heap after
{Heap after GC invocations=33 (full 3):
 PSYoungGen      total 20992K, used 2765K [0x00000000eab00000, 0x00000000ec380000, 0x0000000100000000)
  eden space 17920K, 0% used [0x00000000eab00000,0x00000000eab00000,0x00000000ebc80000)
  from space 3072K, 90% used [0x00000000ec080000,0x00000000ec3336d0,0x00000000ec380000)
  to   space 3072K, 0% used [0x00000000ebd80000,0x00000000ebd80000,0x00000000ec080000)
 ParOldGen       total 68608K, used 39503K [0x00000000c0000000, 0x00000000c4300000, 0x00000000eab00000)
  object space 68608K, 57% used [0x00000000c0000000,0x00000000c2693dd0,0x00000000c4300000)
 Metaspace       used 63572K, committed 64768K, reserved 1114112K
  class space    used 6781K, committed 7296K, reserved 1048576K
}

