# JRE version: OpenJDK Runtime Environment Temurin-17.0.13+11 (17.0.13+11) (build 17.0.13+11)
# Java VM: OpenJDK 64-Bit Server VM Temurin-17.0.13+11 (17.0.13+11, mixed mode, tiered, compressed oops, compressed class ptrs, parallel gc, windows-amd64)
GC Precious Log:
 CPUs: 4 total, 4 available
 Memory: 3901M
 Large Page Support: Disabled
 NUMA Support: Disabled
 Compressed Oops: Enabled (32-bit)
 Alignments: Space 512K, Generation 512K, Heap 2M
 Heap Min Capacity: 100M
 Heap Initial Capacity: 100M
 Heap Max Capacity: 1G
 Pre-touch: Disabled
 Parallel Workers: 4
Heap:
 PSYoungGen      total 15872K, used 14955K [0x00000000eab00000, 0x00000000ec000000, 0x0000000100000000)
  eden space 13312K, 95% used [0x00000000eab00000,0x00000000eb76f550,0x00000000eb800000)
  from space 2560K, 86% used [0x00000000ebd80000,0x00000000ebfaba68,0x00000000ec000000)
  to   space 3584K, 0% used [0x00000000eb900000,0x00000000eb900000,0x00000000ebc80000)
 ParOldGen       total 89600K, used 87577K [0x00000000c0000000, 0x00000000c5780000, 0x00000000eab00000)
  object space 89600K, 97% used [0x00000000c0000000,0x00000000c5586520,0x00000000c5780000)
 Metaspace       used 70009K, committed 71232K, reserved 1114112K
  class space    used 7254K, committed 7808K, reserved 1048576K
GC Heap History (20 events):
Event: 38.740 GC heap before
{Heap before GC invocations=60 (full 4):
 PSYoungGen      total 17920K, used 17610K [0x00000000eab00000, 0x00000000ebf00000, 0x0000000100000000)
  eden space 15872K, 100% used [0x00000000eab00000,0x00000000eba80000,0x00000000eba80000)
  from space 2048K, 84% used [0x00000000ebd00000,0x00000000ebeb2aa0,0x00000000ebf00000)
  to   space 2048K, 0% used [0x00000000ebb00000,0x00000000ebb00000,0x00000000ebd00000)
 ParOldGen       total 89600K, used 72107K [0x00000000c0000000, 0x00000000c5780000, 0x00000000eab00000)
  object space 89600K, 80% used [0x00000000c0000000,0x00000000c466afe0,0x00000000c5780000)
 Metaspace       used 67300K, committed 68544K, reserved 1114112K
  class space    used 7094K, committed 7616K, reserved 1048576K
}
Event: 38.747 GC heap after
{Heap after GC invocations=60 (full 4):
 PSYoungGen      total 17920K, used 2032K [0x00000000eab00000, 0x00000000ec480000, 0x0000000100000000)
  eden space 15872K, 0% used [0x00000000eab00000,0x00000000eab00000,0x00000000eba80000)
  from space 2048K, 99% used [0x00000000ebb00000,0x00000000ebcfc010,0x00000000ebd00000)
  to   space 5120K, 0% used [0x00000000ebf80000,0x00000000ebf80000,0x00000000ec480000)
 ParOldGen       total 89600K, used 74572K [0x00000000c0000000, 0x00000000c5780000, 0x00000000eab00000)
  object space 89600K, 83% used [0x00000000c0000000,0x00000000c48d3108,0x00000000c5780000)
 Metaspace       used 67300K, committed 68544K, reserved 1114112K
  class space    used 7094K, committed 7616K, reserved 1048576K
}
Event: 39.039 GC heap before
{Heap before GC invocations=61 (full 4):
 PSYoungGen      total 17920K, used 17904K [0x00000000eab00000, 0x00000000ec480000, 0x0000000100000000)
  eden space 15872K, 100% used [0x00000000eab00000,0x00000000eba80000,0x00000000eba80000)
  from space 2048K, 99% used [0x00000000ebb00000,0x00000000ebcfc010,0x00000000ebd00000)
  to   space 5120K, 0% used [0x00000000ebf80000,0x00000000ebf80000,0x00000000ec480000)
 ParOldGen       total 89600K, used 74572K [0x00000000c0000000, 0x00000000c5780000, 0x00000000eab00000)
  object space 89600K, 83% used [0x00000000c0000000,0x00000000c48d3108,0x00000000c5780000)
 Metaspace       used 67441K, committed 68672K, reserved 1114112K
  class space    used 7099K, committed 7616K, reserved 1048576K
}
Event: 39.046 GC heap after
{Heap after GC invocations=61 (full 4):
 PSYoungGen      total 17920K, used 1936K [0x00000000eab00000, 0x00000000ec180000, 0x0000000100000000)
  eden space 15872K, 0% used [0x00000000eab00000,0x00000000eab00000,0x00000000eba80000)
  from space 2048K, 94% used [0x00000000ebf80000,0x00000000ec164010,0x00000000ec180000)
  to   space 3072K, 0% used [0x00000000ebb80000,0x00000000ebb80000,0x00000000ebe80000)
 ParOldGen       total 89600K, used 75899K [0x00000000c0000000, 0x00000000c5780000, 0x00000000eab00000)
  object space 89600K, 84% used [0x00000000c0000000,0x00000000c4a1ec40,0x00000000c5780000)
 Metaspace       used 67441K, committed 68672K, reserved 1114112K
  class space    used 7099K, committed 7616K, reserved 1048576K
}
Event: 39.798 GC heap before
{Heap before GC invocations=62 (full 4):
 PSYoungGen      total 17920K, used 17808K [0x00000000eab00000, 0x00000000ec180000, 0x0000000100000000)
  eden space 15872K, 100% used [0x00000000eab00000,0x00000000eba80000,0x00000000eba80000)
  from space 2048K, 94% used [0x00000000ebf80000,0x00000000ec164010,0x00000000ec180000)
  to   space 3072K, 0% used [0x00000000ebb80000,0x00000000ebb80000,0x00000000ebe80000)
 ParOldGen       total 89600K, used 75899K [0x00000000c0000000, 0x00000000c5780000, 0x00000000eab00000)
  object space 89600K, 84% used [0x00000000c0000000,0x00000000c4a1ec40,0x00000000c5780000)
 Metaspace       used 67734K, committed 68928K, reserved 1114112K
  class space    used 7105K, committed 7616K, reserved 1048576K
}
Event: 39.804 GC heap after
{Heap after GC invocations=62 (full 4):
 PSYoungGen      total 17920K, used 1962K [0x00000000eab00000, 0x00000000ec000000, 0x0000000100000000)
  eden space 15872K, 0% used [0x00000000eab00000,0x00000000eab00000,0x00000000eba80000)
  from space 2048K, 95% used [0x00000000ebb80000,0x00000000ebd6aa30,0x00000000ebd80000)
  to   space 2560K, 0% used [0x00000000ebd80000,0x00000000ebd80000,0x00000000ec000000)
 ParOldGen       total 89600K, used 77503K [0x00000000c0000000, 0x00000000c5780000, 0x00000000eab00000)
  object space 89600K, 86% used [0x00000000c0000000,0x00000000c4bafc58,0x00000000c5780000)
 Metaspace       used 67734K, committed 68928K, reserved 1114112K
  class space    used 7105K, committed 7616K, reserved 1048576K
}
Event: 40.871 GC heap before
{Heap before GC invocations=63 (full 4):
 PSYoungGen      total 17920K, used 17828K [0x00000000eab00000, 0x00000000ec000000, 0x0000000100000000)
  eden space 15872K, 99% used [0x00000000eab00000,0x00000000eba7e670,0x00000000eba80000)
  from space 2048K, 95% used [0x00000000ebb80000,0x00000000ebd6aa30,0x00000000ebd80000)
  to   space 2560K, 0% used [0x00000000ebd80000,0x00000000ebd80000,0x00000000ec000000)
 ParOldGen       total 89600K, used 77503K [0x00000000c0000000, 0x00000000c5780000, 0x00000000eab00000)
  object space 89600K, 86% used [0x00000000c0000000,0x00000000c4bafc58,0x00000000c5780000)
 Metaspace       used 68331K, committed 69504K, reserved 1114112K
  class space    used 7155K, committed 7680K, reserved 1048576K
}
Event: 40.876 GC heap after
{Heap after GC invocations=63 (full 4):
 PSYoungGen      total 17920K, used 2541K [0x00000000eab00000, 0x00000000ec180000, 0x0000000100000000)
  eden space 15360K, 0% used [0x00000000eab00000,0x00000000eab00000,0x00000000eba00000)
  from space 2560K, 99% used [0x00000000ebd80000,0x00000000ebffb788,0x00000000ec000000)
  to   space 3584K, 0% used [0x00000000eba00000,0x00000000eba00000,0x00000000ebd80000)
 ParOldGen       total 89600K, used 77964K [0x00000000c0000000, 0x00000000c5780000, 0x00000000eab00000)
  object space 89600K, 87% used [0x00000000c0000000,0x00000000c4c23038,0x00000000c5780000)
 Metaspace       used 68331K, committed 69504K, reserved 1114112K
  class space    used 7155K, committed 7680K, reserved 1048576K
}
Event: 41.190 GC heap before
{Heap before GC invocations=64 (full 4):
 PSYoungGen      total 17920K, used 17901K [0x00000000eab00000, 0x00000000ec180000, 0x0000000100000000)
  eden space 15360K, 100% used [0x00000000eab00000,0x00000000eba00000,0x00000000eba00000)
  from space 2560K, 99% used [0x00000000ebd80000,0x00000000ebffb788,0x00000000ec000000)
  to   space 3584K, 0% used [0x00000000eba00000,0x00000000eba00000,0x00000000ebd80000)
 ParOldGen       total 89600K, used 77964K [0x00000000c0000000, 0x00000000c5780000, 0x00000000eab00000)
  object space 89600K, 87% used [0x00000000c0000000,0x00000000c4c23038,0x00000000c5780000)
 Metaspace       used 68745K, committed 69888K, reserved 1114112K
  class space    used 7197K, committed 7680K, reserved 1048576K
}
Event: 41.197 GC heap after
{Heap after GC invocations=64 (full 4):
 PSYoungGen      total 16896K, used 1112K [0x00000000eab00000, 0x00000000ebe00000, 0x0000000100000000)
  eden space 15360K, 0% used [0x00000000eab00000,0x00000000eab00000,0x00000000eba00000)
  from space 1536K, 72% used [0x00000000eba00000,0x00000000ebb16178,0x00000000ebb80000)
  to   space 2048K, 0% used [0x00000000ebc00000,0x00000000ebc00000,0x00000000ebe00000)
 ParOldGen       total 89600K, used 80109K [0x00000000c0000000, 0x00000000c5780000, 0x00000000eab00000)
  object space 89600K, 89% used [0x00000000c0000000,0x00000000c4e3b4d0,0x00000000c5780000)
 Metaspace       used 68745K, committed 69888K, reserved 1114112K
  class space    used 7197K, committed 7680K, reserved 1048576K
}
Event: 41.812 GC heap before
{Heap before GC invocations=65 (full 4):
 PSYoungGen      total 16896K, used 16472K [0x00000000eab00000, 0x00000000ebe00000, 0x0000000100000000)
  eden space 15360K, 100% used [0x00000000eab00000,0x00000000eba00000,0x00000000eba00000)
  from space 1536K, 72% used [0x00000000eba00000,0x00000000ebb16178,0x00000000ebb80000)
  to   space 2048K, 0% used [0x00000000ebc00000,0x00000000ebc00000,0x00000000ebe00000)
 ParOldGen       total 89600K, used 80109K [0x00000000c0000000, 0x00000000c5780000, 0x00000000eab00000)
  object space 89600K, 89% used [0x00000000c0000000,0x00000000c4e3b4d0,0x00000000c5780000)
 Metaspace       used 68843K, committed 70080K, reserved 1114112K
  class space    used 7199K, committed 7680K, reserved 1048576K
}
Event: 41.818 GC heap after
{Heap after GC invocations=65 (full 4):
 PSYoungGen      total 16896K, used 2027K [0x00000000eab00000, 0x00000000ebf00000, 0x0000000100000000)
  eden space 14848K, 0% used [0x00000000eab00000,0x00000000eab00000,0x00000000eb980000)
  from space 2048K, 98% used [0x00000000ebc00000,0x00000000ebdfad40,0x00000000ebe00000)
  to   space 2560K, 0% used [0x00000000eb980000,0x00000000eb980000,0x00000000ebc00000)
 ParOldGen       total 89600K, used 80125K [0x00000000c0000000, 0x00000000c5780000, 0x00000000eab00000)
  object space 89600K, 89% used [0x00000000c0000000,0x00000000c4e3f4d0,0x00000000c5780000)
 Metaspace       used 68843K, committed 70080K, reserved 1114112K
  class space    used 7199K, committed 7680K, reserved 1048576K
}
Event: 42.088 GC heap before
{Heap before GC invocations=66 (full 4):
 PSYoungGen      total 16896K, used 16875K [0x00000000eab00000, 0x00000000ebf00000, 0x0000000100000000)
  eden space 14848K, 100% used [0x00000000eab00000,0x00000000eb980000,0x00000000eb980000)
  from space 2048K, 98% used [0x00000000ebc00000,0x00000000ebdfad40,0x00000000ebe00000)
  to   space 2560K, 0% used [0x00000000eb980000,0x00000000eb980000,0x00000000ebc00000)
 ParOldGen       total 89600K, used 80125K [0x00000000c0000000, 0x00000000c5780000, 0x00000000eab00000)
  object space 89600K, 89% used [0x00000000c0000000,0x00000000c4e3f4d0,0x00000000c5780000)
 Metaspace       used 68880K, committed 70080K, reserved 1114112K
  class space    used 7199K, committed 7680K, reserved 1048576K
}
Event: 42.092 GC heap after
{Heap after GC invocations=66 (full 4):
 PSYoungGen      total 16384K, used 1095K [0x00000000eab00000, 0x00000000ebc80000, 0x0000000100000000)
  eden space 14848K, 0% used [0x00000000eab00000,0x00000000eab00000,0x00000000eb980000)
  from space 1536K, 71% used [0x00000000eb980000,0x00000000eba91e50,0x00000000ebb00000)
  to   space 1536K, 0% used [0x00000000ebb00000,0x00000000ebb00000,0x00000000ebc80000)
 ParOldGen       total 89600K, used 81588K [0x00000000c0000000, 0x00000000c5780000, 0x00000000eab00000)
  object space 89600K, 91% used [0x00000000c0000000,0x00000000c4fad160,0x00000000c5780000)
 Metaspace       used 68880K, committed 70080K, reserved 1114112K
  class space    used 7199K, committed 7680K, reserved 1048576K
}
Event: 43.725 GC heap before
{Heap before GC invocations=67 (full 4):
 PSYoungGen      total 16384K, used 15943K [0x00000000eab00000, 0x00000000ebc80000, 0x0000000100000000)
  eden space 14848K, 100% used [0x00000000eab00000,0x00000000eb980000,0x00000000eb980000)
  from space 1536K, 71% used [0x00000000eb980000,0x00000000eba91e50,0x00000000ebb00000)
  to   space 1536K, 0% used [0x00000000ebb00000,0x00000000ebb00000,0x00000000ebc80000)
 ParOldGen       total 89600K, used 81588K [0x00000000c0000000, 0x00000000c5780000, 0x00000000eab00000)
  object space 89600K, 91% used [0x00000000c0000000,0x00000000c4fad160,0x00000000c5780000)
 Metaspace       used 68979K, committed 70144K, reserved 1114112K
  class space    used 7200K, committed 7680K, reserved 1048576K
}
Event: 43.733 GC heap after
{Heap after GC invocations=67 (full 4):
 PSYoungGen      total 14848K, used 1522K [0x00000000eab00000, 0x00000000ebf80000, 0x0000000100000000)
  eden space 13312K, 0% used [0x00000000eab00000,0x00000000eab00000,0x00000000eb800000)
  from space 1536K, 99% used [0x00000000ebb00000,0x00000000ebc7ca30,0x00000000ebc80000)
  to   space 3072K, 0% used [0x00000000eb800000,0x00000000eb800000,0x00000000ebb00000)
 ParOldGen       total 89600K, used 82615K [0x00000000c0000000, 0x00000000c5780000, 0x00000000eab00000)
  object space 89600K, 92% used [0x00000000c0000000,0x00000000c50adcb8,0x00000000c5780000)
 Metaspace       used 68979K, committed 70144K, reserved 1114112K
  class space    used 7200K, committed 7680K, reserved 1048576K
}
Event: 45.072 GC heap before
{Heap before GC invocations=68 (full 4):
 PSYoungGen      total 14848K, used 14834K [0x00000000eab00000, 0x00000000ebf80000, 0x0000000100000000)
  eden space 13312K, 99% used [0x00000000eab00000,0x00000000eb7ffff0,0x00000000eb800000)
  from space 1536K, 99% used [0x00000000ebb00000,0x00000000ebc7ca30,0x00000000ebc80000)
  to   space 3072K, 0% used [0x00000000eb800000,0x00000000eb800000,0x00000000ebb00000)
 ParOldGen       total 89600K, used 82615K [0x00000000c0000000, 0x00000000c5780000, 0x00000000eab00000)
  object space 89600K, 92% used [0x00000000c0000000,0x00000000c50adcb8,0x00000000c5780000)
 Metaspace       used 69047K, committed 70208K, reserved 1114112K
  class space    used 7202K, committed 7680K, reserved 1048576K
}
Event: 45.077 GC heap after
{Heap after GC invocations=68 (full 4):
 PSYoungGen      total 16384K, used 3053K [0x00000000eab00000, 0x00000000ec300000, 0x0000000100000000)
  eden space 13312K, 0% used [0x00000000eab00000,0x00000000eab00000,0x00000000eb800000)
  from space 3072K, 99% used [0x00000000eb800000,0x00000000ebafb5a0,0x00000000ebb00000)
  to   space 5632K, 0% used [0x00000000ebd80000,0x00000000ebd80000,0x00000000ec300000)
 ParOldGen       total 89600K, used 84583K [0x00000000c0000000, 0x00000000c5780000, 0x00000000eab00000)
  object space 89600K, 94% used [0x00000000c0000000,0x00000000c5299df0,0x00000000c5780000)
 Metaspace       used 69047K, committed 70208K, reserved 1114112K
  class space    used 7202K, committed 7680K, reserved 1048576K
}
Event: 45.583 GC heap before
{Heap before GC invocations=69 (full 4):
 PSYoungGen      total 16384K, used 16365K [0x00000000eab00000, 0x00000000ec300000, 0x0000000100000000)
  eden space 13312K, 100% used [0x00000000eab00000,0x00000000eb800000,0x00000000eb800000)
  from space 3072K, 99% used [0x00000000eb800000,0x00000000ebafb5a0,0x00000000ebb00000)
  to   space 5632K, 0% used [0x00000000ebd80000,0x00000000ebd80000,0x00000000ec300000)
 ParOldGen       total 89600K, used 84583K [0x00000000c0000000, 0x00000000c5780000, 0x00000000eab00000)
  object space 89600K, 94% used [0x00000000c0000000,0x00000000c5299df0,0x00000000c5780000)
 Metaspace       used 69313K, committed 70464K, reserved 1114112K
  class space    used 7217K, committed 7744K, reserved 1048576K
}
Event: 45.592 GC heap after
{Heap after GC invocations=69 (full 4):
 PSYoungGen      total 15872K, used 2222K [0x00000000eab00000, 0x00000000ec000000, 0x0000000100000000)
  eden space 13312K, 0% used [0x00000000eab00000,0x00000000eab00000,0x00000000eb800000)
  from space 2560K, 86% used [0x00000000ebd80000,0x00000000ebfaba68,0x00000000ec000000)
  to   space 3584K, 0% used [0x00000000eb900000,0x00000000eb900000,0x00000000ebc80000)
 ParOldGen       total 89600K, used 87577K [0x00000000c0000000, 0x00000000c5780000, 0x00000000eab00000)
  object space 89600K, 97% used [0x00000000c0000000,0x00000000c5586520,0x00000000c5780000)
 Metaspace       used 69313K, committed 70464K, reserved 1114112K
  class space    used 7217K, committed 7744K, reserved 1048576K
}

