# JRE version: OpenJDK Runtime Environment Temurin-17.0.13+11 (17.0.13+11) (build 17.0.13+11)
# Java VM: OpenJDK 64-Bit Server VM Temurin-17.0.13+11 (17.0.13+11, mixed mode, tiered, compressed oops, compressed class ptrs, parallel gc, windows-amd64)
GC Precious Log:
 CPUs: 4 total, 4 available
 Memory: 3901M
 Large Page Support: Disabled
 NUMA Support: Disabled
 Compressed Oops: Enabled (32-bit)
 Alignments: Space 512K, Generation 512K, Heap 2M
 Heap Min Capacity: 100M
 Heap Initial Capacity: 100M
 Heap Max Capacity: 1G
 Pre-touch: Disabled
 Parallel Workers: 4
Heap:
 PSYoungGen      total 10752K, used 9539K [0x00000000eab00000, 0x00000000ec580000, 0x0000000100000000)
  eden space 5120K, 76% used [0x00000000eab00000,0x00000000eaed8208,0x00000000eb000000)
  from space 5632K, 99% used [0x00000000eb900000,0x00000000ebe78db8,0x00000000ebe80000)
  to   space 9216K, 0% used [0x00000000eb000000,0x00000000eb000000,0x00000000eb900000)
 ParOldGen       total 391168K, used 384535K [0x00000000c0000000, 0x00000000d7e00000, 0x00000000eab00000)
  object space 391168K, 98% used [0x00000000c0000000,0x00000000d7785d78,0x00000000d7e00000)
 Metaspace       used 76296K, committed 77760K, reserved 1179648K
  class space    used 7868K, committed 8512K, reserved 1048576K
GC Heap History (20 events):
Event: 73.064 GC heap before
{Heap before GC invocations=164 (full 11):
 PSYoungGen      total 14848K, used 14459K [0x00000000eab00000, 0x00000000ec680000, 0x0000000100000000)
  eden space 8192K, 100% used [0x00000000eab00000,0x00000000eb300000,0x00000000eb300000)
  from space 6656K, 94% used [0x00000000ec000000,0x00000000ec61efb8,0x00000000ec680000)
  to   space 8704K, 0% used [0x00000000eb580000,0x00000000eb580000,0x00000000ebe00000)
 ParOldGen       total 391168K, used 361643K [0x00000000c0000000, 0x00000000d7e00000, 0x00000000eab00000)
  object space 391168K, 92% used [0x00000000c0000000,0x00000000d612ae08,0x00000000d7e00000)
 Metaspace       used 73710K, committed 75008K, reserved 1179648K
  class space    used 7638K, committed 8192K, reserved 1048576K
}
Event: 73.116 GC heap after
{Heap after GC invocations=164 (full 11):
 PSYoungGen      total 17920K, used 8697K [0x00000000eab00000, 0x00000000eca00000, 0x0000000100000000)
  eden space 9216K, 0% used [0x00000000eab00000,0x00000000eab00000,0x00000000eb400000)
  from space 8704K, 99% used [0x00000000eb580000,0x00000000ebdfe768,0x00000000ebe00000)
  to   space 11264K, 0% used [0x00000000ebf00000,0x00000000ebf00000,0x00000000eca00000)
 ParOldGen       total 391168K, used 363299K [0x00000000c0000000, 0x00000000d7e00000, 0x00000000eab00000)
  object space 391168K, 92% used [0x00000000c0000000,0x00000000d62c8c88,0x00000000d7e00000)
 Metaspace       used 73710K, committed 75008K, reserved 1179648K
  class space    used 7638K, committed 8192K, reserved 1048576K
}
Event: 76.391 GC heap before
{Heap before GC invocations=165 (full 11):
 PSYoungGen      total 17920K, used 17913K [0x00000000eab00000, 0x00000000eca00000, 0x0000000100000000)
  eden space 9216K, 100% used [0x00000000eab00000,0x00000000eb400000,0x00000000eb400000)
  from space 8704K, 99% used [0x00000000eb580000,0x00000000ebdfe768,0x00000000ebe00000)
  to   space 11264K, 0% used [0x00000000ebf00000,0x00000000ebf00000,0x00000000eca00000)
 ParOldGen       total 391168K, used 363299K [0x00000000c0000000, 0x00000000d7e00000, 0x00000000eab00000)
  object space 391168K, 92% used [0x00000000c0000000,0x00000000d62c8c88,0x00000000d7e00000)
 Metaspace       used 73912K, committed 75200K, reserved 1179648K
  class space    used 7650K, committed 8192K, reserved 1048576K
}
Event: 76.507 GC heap after
{Heap after GC invocations=165 (full 11):
 PSYoungGen      total 14336K, used 4100K [0x00000000eab00000, 0x00000000ec380000, 0x0000000100000000)
  eden space 9728K, 0% used [0x00000000eab00000,0x00000000eab00000,0x00000000eb480000)
  from space 4608K, 88% used [0x00000000ebf00000,0x00000000ec301300,0x00000000ec380000)
  to   space 6656K, 0% used [0x00000000eb680000,0x00000000eb680000,0x00000000ebd00000)
 ParOldGen       total 391168K, used 372000K [0x00000000c0000000, 0x00000000d7e00000, 0x00000000eab00000)
  object space 391168K, 95% used [0x00000000c0000000,0x00000000d6b482d0,0x00000000d7e00000)
 Metaspace       used 73912K, committed 75200K, reserved 1179648K
  class space    used 7650K, committed 8192K, reserved 1048576K
}
Event: 79.583 GC heap before
{Heap before GC invocations=166 (full 11):
 PSYoungGen      total 14336K, used 13828K [0x00000000eab00000, 0x00000000ec380000, 0x0000000100000000)
  eden space 9728K, 100% used [0x00000000eab00000,0x00000000eb480000,0x00000000eb480000)
  from space 4608K, 88% used [0x00000000ebf00000,0x00000000ec301300,0x00000000ec380000)
  to   space 6656K, 0% used [0x00000000eb680000,0x00000000eb680000,0x00000000ebd00000)
 ParOldGen       total 391168K, used 372000K [0x00000000c0000000, 0x00000000d7e00000, 0x00000000eab00000)
  object space 391168K, 95% used [0x00000000c0000000,0x00000000d6b482d0,0x00000000d7e00000)
 Metaspace       used 74286K, committed 75520K, reserved 1179648K
  class space    used 7683K, committed 8192K, reserved 1048576K
}
Event: 79.699 GC heap after
{Heap after GC invocations=166 (full 11):
 PSYoungGen      total 15872K, used 5392K [0x00000000eab00000, 0x00000000ec100000, 0x0000000100000000)
  eden space 10240K, 0% used [0x00000000eab00000,0x00000000eab00000,0x00000000eb500000)
  from space 5632K, 95% used [0x00000000eb680000,0x00000000ebbc4350,0x00000000ebc00000)
  to   space 5120K, 0% used [0x00000000ebc00000,0x00000000ebc00000,0x00000000ec100000)
 ParOldGen       total 391168K, used 372000K [0x00000000c0000000, 0x00000000d7e00000, 0x00000000eab00000)
  object space 391168K, 95% used [0x00000000c0000000,0x00000000d6b482d0,0x00000000d7e00000)
 Metaspace       used 74286K, committed 75520K, reserved 1179648K
  class space    used 7683K, committed 8192K, reserved 1048576K
}
Event: 82.108 GC heap before
{Heap before GC invocations=167 (full 11):
 PSYoungGen      total 15872K, used 15620K [0x00000000eab00000, 0x00000000ec100000, 0x0000000100000000)
  eden space 10240K, 99% used [0x00000000eab00000,0x00000000eb4fceb8,0x00000000eb500000)
  from space 5632K, 95% used [0x00000000eb680000,0x00000000ebbc4350,0x00000000ebc00000)
  to   space 5120K, 0% used [0x00000000ebc00000,0x00000000ebc00000,0x00000000ec100000)
 ParOldGen       total 391168K, used 372000K [0x00000000c0000000, 0x00000000d7e00000, 0x00000000eab00000)
  object space 391168K, 95% used [0x00000000c0000000,0x00000000d6b482d0,0x00000000d7e00000)
 Metaspace       used 75365K, committed 76608K, reserved 1179648K
  class space    used 7772K, committed 8320K, reserved 1048576K
}
Event: 82.214 GC heap after
{Heap after GC invocations=167 (full 11):
 PSYoungGen      total 15872K, used 5108K [0x00000000eab00000, 0x00000000ec100000, 0x0000000100000000)
  eden space 10752K, 0% used [0x00000000eab00000,0x00000000eab00000,0x00000000eb580000)
  from space 5120K, 99% used [0x00000000ebc00000,0x00000000ec0fd378,0x00000000ec100000)
  to   space 5632K, 0% used [0x00000000eb600000,0x00000000eb600000,0x00000000ebb80000)
 ParOldGen       total 391168K, used 372250K [0x00000000c0000000, 0x00000000d7e00000, 0x00000000eab00000)
  object space 391168K, 95% used [0x00000000c0000000,0x00000000d6b86bd0,0x00000000d7e00000)
 Metaspace       used 75365K, committed 76608K, reserved 1179648K
  class space    used 7772K, committed 8320K, reserved 1048576K
}
Event: 88.212 GC heap before
{Heap before GC invocations=168 (full 11):
 PSYoungGen      total 15872K, used 15860K [0x00000000eab00000, 0x00000000ec100000, 0x0000000100000000)
  eden space 10752K, 100% used [0x00000000eab00000,0x00000000eb580000,0x00000000eb580000)
  from space 5120K, 99% used [0x00000000ebc00000,0x00000000ec0fd378,0x00000000ec100000)
  to   space 5632K, 0% used [0x00000000eb600000,0x00000000eb600000,0x00000000ebb80000)
 ParOldGen       total 391168K, used 372250K [0x00000000c0000000, 0x00000000d7e00000, 0x00000000eab00000)
  object space 391168K, 95% used [0x00000000c0000000,0x00000000d6b86bd0,0x00000000d7e00000)
 Metaspace       used 75985K, committed 77376K, reserved 1179648K
  class space    used 7833K, committed 8384K, reserved 1048576K
}
Event: 88.390 GC heap after
{Heap after GC invocations=168 (full 11):
 PSYoungGen      total 14848K, used 3443K [0x00000000eab00000, 0x00000000ebf00000, 0x0000000100000000)
  eden space 11264K, 0% used [0x00000000eab00000,0x00000000eab00000,0x00000000eb600000)
  from space 3584K, 96% used [0x00000000eb600000,0x00000000eb95cc50,0x00000000eb980000)
  to   space 4608K, 0% used [0x00000000eba80000,0x00000000eba80000,0x00000000ebf00000)
 ParOldGen       total 391168K, used 376621K [0x00000000c0000000, 0x00000000d7e00000, 0x00000000eab00000)
  object space 391168K, 96% used [0x00000000c0000000,0x00000000d6fcb668,0x00000000d7e00000)
 Metaspace       used 75985K, committed 77376K, reserved 1179648K
  class space    used 7833K, committed 8384K, reserved 1048576K
}
Event: 90.355 GC heap before
{Heap before GC invocations=169 (full 11):
 PSYoungGen      total 14848K, used 14637K [0x00000000eab00000, 0x00000000ebf00000, 0x0000000100000000)
  eden space 11264K, 99% used [0x00000000eab00000,0x00000000eb5eeab8,0x00000000eb600000)
  from space 3584K, 96% used [0x00000000eb600000,0x00000000eb95cc50,0x00000000eb980000)
  to   space 4608K, 0% used [0x00000000eba80000,0x00000000eba80000,0x00000000ebf00000)
 ParOldGen       total 391168K, used 376621K [0x00000000c0000000, 0x00000000d7e00000, 0x00000000eab00000)
  object space 391168K, 96% used [0x00000000c0000000,0x00000000d6fcb668,0x00000000d7e00000)
 Metaspace       used 76001K, committed 77376K, reserved 1179648K
  class space    used 7833K, committed 8384K, reserved 1048576K
}
Event: 90.500 GC heap after
{Heap after GC invocations=169 (full 11):
 PSYoungGen      total 15360K, used 4467K [0x00000000eab00000, 0x00000000ec080000, 0x0000000100000000)
  eden space 10752K, 0% used [0x00000000eab00000,0x00000000eab00000,0x00000000eb580000)
  from space 4608K, 96% used [0x00000000eba80000,0x00000000ebedcc80,0x00000000ebf00000)
  to   space 5120K, 0% used [0x00000000eb580000,0x00000000eb580000,0x00000000eba80000)
 ParOldGen       total 391168K, used 377385K [0x00000000c0000000, 0x00000000d7e00000, 0x00000000eab00000)
  object space 391168K, 96% used [0x00000000c0000000,0x00000000d708a668,0x00000000d7e00000)
 Metaspace       used 76001K, committed 77376K, reserved 1179648K
  class space    used 7833K, committed 8384K, reserved 1048576K
}
Event: 91.943 GC heap before
{Heap before GC invocations=170 (full 11):
 PSYoungGen      total 15360K, used 15219K [0x00000000eab00000, 0x00000000ec080000, 0x0000000100000000)
  eden space 10752K, 100% used [0x00000000eab00000,0x00000000eb580000,0x00000000eb580000)
  from space 4608K, 96% used [0x00000000eba80000,0x00000000ebedcc80,0x00000000ebf00000)
  to   space 5120K, 0% used [0x00000000eb580000,0x00000000eb580000,0x00000000eba80000)
 ParOldGen       total 391168K, used 377385K [0x00000000c0000000, 0x00000000d7e00000, 0x00000000eab00000)
  object space 391168K, 96% used [0x00000000c0000000,0x00000000d708a668,0x00000000d7e00000)
 Metaspace       used 76018K, committed 77376K, reserved 1179648K
  class space    used 7833K, committed 8384K, reserved 1048576K
}
Event: 92.057 GC heap after
{Heap after GC invocations=170 (full 11):
 PSYoungGen      total 15872K, used 4679K [0x00000000eab00000, 0x00000000ec080000, 0x0000000100000000)
  eden space 10752K, 0% used [0x00000000eab00000,0x00000000eab00000,0x00000000eb580000)
  from space 5120K, 91% used [0x00000000eb580000,0x00000000eba11c30,0x00000000eba80000)
  to   space 5120K, 0% used [0x00000000ebb80000,0x00000000ebb80000,0x00000000ec080000)
 ParOldGen       total 391168K, used 377385K [0x00000000c0000000, 0x00000000d7e00000, 0x00000000eab00000)
  object space 391168K, 96% used [0x00000000c0000000,0x00000000d708a668,0x00000000d7e00000)
 Metaspace       used 76018K, committed 77376K, reserved 1179648K
  class space    used 7833K, committed 8384K, reserved 1048576K
}
Event: 94.050 GC heap before
{Heap before GC invocations=171 (full 11):
 PSYoungGen      total 15872K, used 15431K [0x00000000eab00000, 0x00000000ec080000, 0x0000000100000000)
  eden space 10752K, 100% used [0x00000000eab00000,0x00000000eb580000,0x00000000eb580000)
  from space 5120K, 91% used [0x00000000eb580000,0x00000000eba11c30,0x00000000eba80000)
  to   space 5120K, 0% used [0x00000000ebb80000,0x00000000ebb80000,0x00000000ec080000)
 ParOldGen       total 391168K, used 377385K [0x00000000c0000000, 0x00000000d7e00000, 0x00000000eab00000)
  object space 391168K, 96% used [0x00000000c0000000,0x00000000d708a668,0x00000000d7e00000)
 Metaspace       used 76039K, committed 77376K, reserved 1179648K
  class space    used 7834K, committed 8384K, reserved 1048576K
}
Event: 94.164 GC heap after
{Heap after GC invocations=171 (full 11):
 PSYoungGen      total 13312K, used 5099K [0x00000000eab00000, 0x00000000ec780000, 0x0000000100000000)
  eden space 8192K, 0% used [0x00000000eab00000,0x00000000eab00000,0x00000000eb300000)
  from space 5120K, 99% used [0x00000000ebb80000,0x00000000ec07af30,0x00000000ec080000)
  to   space 8704K, 0% used [0x00000000eb300000,0x00000000eb300000,0x00000000ebb80000)
 ParOldGen       total 391168K, used 380004K [0x00000000c0000000, 0x00000000d7e00000, 0x00000000eab00000)
  object space 391168K, 97% used [0x00000000c0000000,0x00000000d7319018,0x00000000d7e00000)
 Metaspace       used 76039K, committed 77376K, reserved 1179648K
  class space    used 7834K, committed 8384K, reserved 1048576K
}
Event: 97.240 GC heap before
{Heap before GC invocations=172 (full 11):
 PSYoungGen      total 13312K, used 13291K [0x00000000eab00000, 0x00000000ec780000, 0x0000000100000000)
  eden space 8192K, 100% used [0x00000000eab00000,0x00000000eb300000,0x00000000eb300000)
  from space 5120K, 99% used [0x00000000ebb80000,0x00000000ec07af30,0x00000000ec080000)
  to   space 8704K, 0% used [0x00000000eb300000,0x00000000eb300000,0x00000000ebb80000)
 ParOldGen       total 391168K, used 380004K [0x00000000c0000000, 0x00000000d7e00000, 0x00000000eab00000)
  object space 391168K, 97% used [0x00000000c0000000,0x00000000d7319018,0x00000000d7e00000)
 Metaspace       used 76228K, committed 77632K, reserved 1179648K
  class space    used 7856K, committed 8448K, reserved 1048576K
}
Event: 97.417 GC heap after
{Heap after GC invocations=172 (full 11):
 PSYoungGen      total 12800K, used 4205K [0x00000000eab00000, 0x00000000ebe80000, 0x0000000100000000)
  eden space 8192K, 0% used [0x00000000eab00000,0x00000000eab00000,0x00000000eb300000)
  from space 4608K, 91% used [0x00000000eb300000,0x00000000eb71b470,0x00000000eb780000)
  to   space 5632K, 0% used [0x00000000eb900000,0x00000000eb900000,0x00000000ebe80000)
 ParOldGen       total 391168K, used 382050K [0x00000000c0000000, 0x00000000d7e00000, 0x00000000eab00000)
  object space 391168K, 97% used [0x00000000c0000000,0x00000000d7518b18,0x00000000d7e00000)
 Metaspace       used 76228K, committed 77632K, reserved 1179648K
  class space    used 7856K, committed 8448K, reserved 1048576K
}
Event: 110.726 GC heap before
{Heap before GC invocations=173 (full 11):
 PSYoungGen      total 12800K, used 12397K [0x00000000eab00000, 0x00000000ebe80000, 0x0000000100000000)
  eden space 8192K, 100% used [0x00000000eab00000,0x00000000eb300000,0x00000000eb300000)
  from space 4608K, 91% used [0x00000000eb300000,0x00000000eb71b470,0x00000000eb780000)
  to   space 5632K, 0% used [0x00000000eb900000,0x00000000eb900000,0x00000000ebe80000)
 ParOldGen       total 391168K, used 382050K [0x00000000c0000000, 0x00000000d7e00000, 0x00000000eab00000)
  object space 391168K, 97% used [0x00000000c0000000,0x00000000d7518b18,0x00000000d7e00000)
 Metaspace       used 76288K, committed 77760K, reserved 1179648K
  class space    used 7867K, committed 8512K, reserved 1048576K
}
Event: 110.966 GC heap after
{Heap after GC invocations=173 (full 11):
 PSYoungGen      total 10752K, used 5603K [0x00000000eab00000, 0x00000000ec580000, 0x0000000100000000)
  eden space 5120K, 0% used [0x00000000eab00000,0x00000000eab00000,0x00000000eb000000)
  from space 5632K, 99% used [0x00000000eb900000,0x00000000ebe78db8,0x00000000ebe80000)
  to   space 9216K, 0% used [0x00000000eb000000,0x00000000eb000000,0x00000000eb900000)
 ParOldGen       total 391168K, used 384535K [0x00000000c0000000, 0x00000000d7e00000, 0x00000000eab00000)
  object space 391168K, 98% used [0x00000000c0000000,0x00000000d7785d78,0x00000000d7e00000)
 Metaspace       used 76288K, committed 77760K, reserved 1179648K
  class space    used 7867K, committed 8512K, reserved 1048576K
}

