# JRE version: OpenJDK Runtime Environment Temurin-21.0.5+11 (21.0.5+11) (build 21.0.5+11-LTS)
# Java VM: OpenJDK 64-Bit Server VM Temurin-21.0.5+11 (21.0.5+11-LTS, mixed mode, sharing, tiered, compressed oops, compressed class ptrs, parallel gc, windows-amd64)
GC Precious Log:
 CardTable entry size: 512
 CPUs: 4 total, 4 available
 Memory: 3901M
 Large Page Support: Disabled
 NUMA Support: Disabled
 Compressed Oops: Enabled (32-bit)
 Alignments: Space 512K, Generation 512K, Heap 2M
 Heap Min Capacity: 100M
 Heap Initial Capacity: 100M
 Heap Max Capacity: 1G
 Pre-touch: Disabled
 Parallel Workers: 4
Heap:
 PSYoungGen      total 5632K, used 2899K [0x00000000eab00000, 0x00000000eb400000, 0x0000000100000000)
  eden space 4608K, 48% used [0x00000000eab00000,0x00000000ead2cdf0,0x00000000eaf80000)
  from space 1024K, 65% used [0x00000000eb300000,0x00000000eb3a8000,0x00000000eb400000)
  to   space 1024K, 0% used [0x00000000eb200000,0x00000000eb200000,0x00000000eb300000)
 ParOldGen       total 300544K, used 300259K [0x00000000c0000000, 0x00000000d2580000, 0x00000000eab00000)
  object space 300544K, 99% used [0x00000000c0000000,0x00000000d2538d40,0x00000000d2580000)
 Metaspace       used 82880K, committed 84352K, reserved 1179648K
  class space    used 8420K, committed 9152K, reserved 1048576K
GC Heap History (20 events):
Event: 183089.434 GC heap before
{Heap before GC invocations=197 (full 4):
 PSYoungGen      total 3584K, used 3296K [0x00000000eab00000, 0x00000000eb080000, 0x0000000100000000)
  eden space 3072K, 100% used [0x00000000eab00000,0x00000000eae00000,0x00000000eae00000)
  from space 512K, 43% used [0x00000000eb000000,0x00000000eb038000,0x00000000eb080000)
  to   space 512K, 0% used [0x00000000eaf80000,0x00000000eaf80000,0x00000000eb000000)
 ParOldGen       total 246272K, used 245971K [0x00000000c0000000, 0x00000000cf080000, 0x00000000eab00000)
  object space 246272K, 99% used [0x00000000c0000000,0x00000000cf034d30,0x00000000cf080000)
 Metaspace       used 82825K, committed 84352K, reserved 1179648K
  class space    used 8419K, committed 9152K, reserved 1048576K
}
Event: 183089.439 GC heap after
{Heap after GC invocations=197 (full 4):
 PSYoungGen      total 3584K, used 498K [0x00000000eab00000, 0x00000000eb600000, 0x0000000100000000)
  eden space 3072K, 0% used [0x00000000eab00000,0x00000000eab00000,0x00000000eae00000)
  from space 512K, 97% used [0x00000000eaf80000,0x00000000eaffcbe0,0x00000000eb000000)
  to   space 4096K, 0% used [0x00000000eb200000,0x00000000eb200000,0x00000000eb600000)
 ParOldGen       total 248832K, used 248710K [0x00000000c0000000, 0x00000000cf300000, 0x00000000eab00000)
  object space 248832K, 99% used [0x00000000c0000000,0x00000000cf2e1910,0x00000000cf300000)
 Metaspace       used 82825K, committed 84352K, reserved 1179648K
  class space    used 8419K, committed 9152K, reserved 1048576K
}
Event: 183089.449 GC heap before
{Heap before GC invocations=198 (full 4):
 PSYoungGen      total 3584K, used 3570K [0x00000000eab00000, 0x00000000eb600000, 0x0000000100000000)
  eden space 3072K, 100% used [0x00000000eab00000,0x00000000eae00000,0x00000000eae00000)
  from space 512K, 97% used [0x00000000eaf80000,0x00000000eaffcbe0,0x00000000eb000000)
  to   space 4096K, 0% used [0x00000000eb200000,0x00000000eb200000,0x00000000eb600000)
 ParOldGen       total 248832K, used 248710K [0x00000000c0000000, 0x00000000cf300000, 0x00000000eab00000)
  object space 248832K, 99% used [0x00000000c0000000,0x00000000cf2e1910,0x00000000cf300000)
 Metaspace       used 82825K, committed 84352K, reserved 1179648K
  class space    used 8419K, committed 9152K, reserved 1048576K
}
Event: 183089.455 GC heap after
{Heap after GC invocations=198 (full 4):
 PSYoungGen      total 6656K, used 3104K [0x00000000eab00000, 0x00000000eb580000, 0x0000000100000000)
  eden space 3072K, 0% used [0x00000000eab00000,0x00000000eab00000,0x00000000eae00000)
  from space 3584K, 86% used [0x00000000eb200000,0x00000000eb508000,0x00000000eb580000)
  to   space 3584K, 0% used [0x00000000eae80000,0x00000000eae80000,0x00000000eb200000)
 ParOldGen       total 249344K, used 249225K [0x00000000c0000000, 0x00000000cf380000, 0x00000000eab00000)
  object space 249344K, 99% used [0x00000000c0000000,0x00000000cf3624f0,0x00000000cf380000)
 Metaspace       used 82825K, committed 84352K, reserved 1179648K
  class space    used 8419K, committed 9152K, reserved 1048576K
}
Event: 183089.467 GC heap before
{Heap before GC invocations=199 (full 4):
 PSYoungGen      total 6656K, used 6175K [0x00000000eab00000, 0x00000000eb580000, 0x0000000100000000)
  eden space 3072K, 99% used [0x00000000eab00000,0x00000000eadfff58,0x00000000eae00000)
  from space 3584K, 86% used [0x00000000eb200000,0x00000000eb508000,0x00000000eb580000)
  to   space 3584K, 0% used [0x00000000eae80000,0x00000000eae80000,0x00000000eb200000)
 ParOldGen       total 249344K, used 249225K [0x00000000c0000000, 0x00000000cf380000, 0x00000000eab00000)
  object space 249344K, 99% used [0x00000000c0000000,0x00000000cf3624f0,0x00000000cf380000)
 Metaspace       used 82825K, committed 84352K, reserved 1179648K
  class space    used 8419K, committed 9152K, reserved 1048576K
}
Event: 183089.477 GC heap after
{Heap after GC invocations=199 (full 4):
 PSYoungGen      total 7168K, used 3072K [0x00000000eab00000, 0x00000000eb600000, 0x0000000100000000)
  eden space 3584K, 0% used [0x00000000eab00000,0x00000000eab00000,0x00000000eae80000)
  from space 3584K, 85% used [0x00000000eae80000,0x00000000eb180000,0x00000000eb200000)
  to   space 3584K, 0% used [0x00000000eb280000,0x00000000eb280000,0x00000000eb600000)
 ParOldGen       total 252416K, used 252289K [0x00000000c0000000, 0x00000000cf680000, 0x00000000eab00000)
  object space 252416K, 99% used [0x00000000c0000000,0x00000000cf6604f0,0x00000000cf680000)
 Metaspace       used 82825K, committed 84352K, reserved 1179648K
  class space    used 8419K, committed 9152K, reserved 1048576K
}
Event: 183089.513 GC heap before
{Heap before GC invocations=200 (full 4):
 PSYoungGen      total 7168K, used 6656K [0x00000000eab00000, 0x00000000eb600000, 0x0000000100000000)
  eden space 3584K, 100% used [0x00000000eab00000,0x00000000eae80000,0x00000000eae80000)
  from space 3584K, 85% used [0x00000000eae80000,0x00000000eb180000,0x00000000eb200000)
  to   space 3584K, 0% used [0x00000000eb280000,0x00000000eb280000,0x00000000eb600000)
 ParOldGen       total 252416K, used 252289K [0x00000000c0000000, 0x00000000cf680000, 0x00000000eab00000)
  object space 252416K, 99% used [0x00000000c0000000,0x00000000cf6604f0,0x00000000cf680000)
 Metaspace       used 82827K, committed 84352K, reserved 1179648K
  class space    used 8419K, committed 9152K, reserved 1048576K
}
Event: 183089.522 GC heap after
{Heap after GC invocations=200 (full 4):
 PSYoungGen      total 7680K, used 2956K [0x00000000eab00000, 0x00000000eb580000, 0x0000000100000000)
  eden space 4608K, 0% used [0x00000000eab00000,0x00000000eab00000,0x00000000eaf80000)
  from space 3072K, 96% used [0x00000000eb280000,0x00000000eb563000,0x00000000eb580000)
  to   space 3072K, 0% used [0x00000000eaf80000,0x00000000eaf80000,0x00000000eb280000)
 ParOldGen       total 255488K, used 255329K [0x00000000c0000000, 0x00000000cf980000, 0x00000000eab00000)
  object space 255488K, 99% used [0x00000000c0000000,0x00000000cf9584f0,0x00000000cf980000)
 Metaspace       used 82827K, committed 84352K, reserved 1179648K
  class space    used 8419K, committed 9152K, reserved 1048576K
}
Event: 183089.674 GC heap before
{Heap before GC invocations=201 (full 4):
 PSYoungGen      total 7680K, used 7564K [0x00000000eab00000, 0x00000000eb580000, 0x0000000100000000)
  eden space 4608K, 100% used [0x00000000eab00000,0x00000000eaf80000,0x00000000eaf80000)
  from space 3072K, 96% used [0x00000000eb280000,0x00000000eb563000,0x00000000eb580000)
  to   space 3072K, 0% used [0x00000000eaf80000,0x00000000eaf80000,0x00000000eb280000)
 ParOldGen       total 255488K, used 255329K [0x00000000c0000000, 0x00000000cf980000, 0x00000000eab00000)
  object space 255488K, 99% used [0x00000000c0000000,0x00000000cf9584f0,0x00000000cf980000)
 Metaspace       used 82827K, committed 84352K, reserved 1179648K
  class space    used 8419K, committed 9152K, reserved 1048576K
}
Event: 183089.684 GC heap after
{Heap after GC invocations=201 (full 4):
 PSYoungGen      total 7680K, used 3053K [0x00000000eab00000, 0x00000000ebd80000, 0x0000000100000000)
  eden space 4608K, 0% used [0x00000000eab00000,0x00000000eab00000,0x00000000eaf80000)
  from space 3072K, 99% used [0x00000000eaf80000,0x00000000eb27b5c0,0x00000000eb280000)
  to   space 7168K, 0% used [0x00000000eb680000,0x00000000eb680000,0x00000000ebd80000)
 ParOldGen       total 258560K, used 258473K [0x00000000c0000000, 0x00000000cfc80000, 0x00000000eab00000)
  object space 258560K, 99% used [0x00000000c0000000,0x00000000cfc6a4f0,0x00000000cfc80000)
 Metaspace       used 82827K, committed 84352K, reserved 1179648K
  class space    used 8419K, committed 9152K, reserved 1048576K
}
Event: 183089.761 GC heap before
{Heap before GC invocations=202 (full 4):
 PSYoungGen      total 7680K, used 7661K [0x00000000eab00000, 0x00000000ebd80000, 0x0000000100000000)
  eden space 4608K, 100% used [0x00000000eab00000,0x00000000eaf80000,0x00000000eaf80000)
  from space 3072K, 99% used [0x00000000eaf80000,0x00000000eb27b5c0,0x00000000eb280000)
  to   space 7168K, 0% used [0x00000000eb680000,0x00000000eb680000,0x00000000ebd80000)
 ParOldGen       total 258560K, used 258473K [0x00000000c0000000, 0x00000000cfc80000, 0x00000000eab00000)
  object space 258560K, 99% used [0x00000000c0000000,0x00000000cfc6a4f0,0x00000000cfc80000)
 Metaspace       used 82835K, committed 84352K, reserved 1179648K
  class space    used 8419K, committed 9152K, reserved 1048576K
}
Event: 183089.772 GC heap after
{Heap after GC invocations=202 (full 4):
 PSYoungGen      total 9216K, used 4256K [0x00000000eab00000, 0x00000000ebb00000, 0x0000000100000000)
  eden space 4608K, 0% used [0x00000000eab00000,0x00000000eab00000,0x00000000eaf80000)
  from space 4608K, 92% used [0x00000000eb680000,0x00000000ebaa8060,0x00000000ebb00000)
  to   space 5120K, 0% used [0x00000000eb100000,0x00000000eb100000,0x00000000eb600000)
 ParOldGen       total 261632K, used 261518K [0x00000000c0000000, 0x00000000cff80000, 0x00000000eab00000)
  object space 261632K, 99% used [0x00000000c0000000,0x00000000cff63ab0,0x00000000cff80000)
 Metaspace       used 82835K, committed 84352K, reserved 1179648K
  class space    used 8419K, committed 9152K, reserved 1048576K
}
Event: 183090.320 GC heap before
{Heap before GC invocations=203 (full 4):
 PSYoungGen      total 9216K, used 8864K [0x00000000eab00000, 0x00000000ebb00000, 0x0000000100000000)
  eden space 4608K, 100% used [0x00000000eab00000,0x00000000eaf80000,0x00000000eaf80000)
  from space 4608K, 92% used [0x00000000eb680000,0x00000000ebaa8060,0x00000000ebb00000)
  to   space 5120K, 0% used [0x00000000eb100000,0x00000000eb100000,0x00000000eb600000)
 ParOldGen       total 261632K, used 261518K [0x00000000c0000000, 0x00000000cff80000, 0x00000000eab00000)
  object space 261632K, 99% used [0x00000000c0000000,0x00000000cff63ab0,0x00000000cff80000)
 Metaspace       used 82838K, committed 84352K, reserved 1179648K
  class space    used 8419K, committed 9152K, reserved 1048576K
}
Event: 183090.330 GC heap after
{Heap after GC invocations=203 (full 4):
 PSYoungGen      total 7680K, used 3040K [0x00000000eab00000, 0x00000000eb780000, 0x0000000100000000)
  eden space 4608K, 0% used [0x00000000eab00000,0x00000000eab00000,0x00000000eaf80000)
  from space 3072K, 98% used [0x00000000eb100000,0x00000000eb3f8000,0x00000000eb400000)
  to   space 3584K, 0% used [0x00000000eb400000,0x00000000eb400000,0x00000000eb780000)
 ParOldGen       total 266240K, used 265750K [0x00000000c0000000, 0x00000000d0400000, 0x00000000eab00000)
  object space 266240K, 99% used [0x00000000c0000000,0x00000000d0385b10,0x00000000d0400000)
 Metaspace       used 82838K, committed 84352K, reserved 1179648K
  class space    used 8419K, committed 9152K, reserved 1048576K
}
Event: 183096.590 GC heap before
{Heap before GC invocations=204 (full 4):
 PSYoungGen      total 7680K, used 7648K [0x00000000eab00000, 0x00000000eb780000, 0x0000000100000000)
  eden space 4608K, 100% used [0x00000000eab00000,0x00000000eaf80000,0x00000000eaf80000)
  from space 3072K, 98% used [0x00000000eb100000,0x00000000eb3f8000,0x00000000eb400000)
  to   space 3584K, 0% used [0x00000000eb400000,0x00000000eb400000,0x00000000eb780000)
 ParOldGen       total 266240K, used 265750K [0x00000000c0000000, 0x00000000d0400000, 0x00000000eab00000)
  object space 266240K, 99% used [0x00000000c0000000,0x00000000d0385b10,0x00000000d0400000)
 Metaspace       used 82839K, committed 84352K, reserved 1179648K
  class space    used 8419K, committed 9152K, reserved 1048576K
}
Event: 183096.610 GC heap after
{Heap after GC invocations=204 (full 4):
 PSYoungGen      total 7680K, used 3058K [0x00000000eab00000, 0x00000000eb700000, 0x0000000100000000)
  eden space 4608K, 0% used [0x00000000eab00000,0x00000000eab00000,0x00000000eaf80000)
  from space 3072K, 99% used [0x00000000eb400000,0x00000000eb6fc9f8,0x00000000eb700000)
  to   space 3584K, 0% used [0x00000000eb000000,0x00000000eb000000,0x00000000eb380000)
 ParOldGen       total 268800K, used 268774K [0x00000000c0000000, 0x00000000d0680000, 0x00000000eab00000)
  object space 268800K, 99% used [0x00000000c0000000,0x00000000d0679b10,0x00000000d0680000)
 Metaspace       used 82839K, committed 84352K, reserved 1179648K
  class space    used 8419K, committed 9152K, reserved 1048576K
}
Event: 183172.622 GC heap before
{Heap before GC invocations=205 (full 4):
 PSYoungGen      total 7680K, used 7666K [0x00000000eab00000, 0x00000000eb700000, 0x0000000100000000)
  eden space 4608K, 99% used [0x00000000eab00000,0x00000000eaf7fff8,0x00000000eaf80000)
  from space 3072K, 99% used [0x00000000eb400000,0x00000000eb6fc9f8,0x00000000eb700000)
  to   space 3584K, 0% used [0x00000000eb000000,0x00000000eb000000,0x00000000eb380000)
 ParOldGen       total 300544K, used 299494K [0x00000000c0000000, 0x00000000d2580000, 0x00000000eab00000)
  object space 300544K, 99% used [0x00000000c0000000,0x00000000d2479b40,0x00000000d2580000)
 Metaspace       used 82863K, committed 84352K, reserved 1179648K
  class space    used 8419K, committed 9152K, reserved 1048576K
}
Event: 183172.752 GC heap after
{Heap after GC invocations=205 (full 4):
 PSYoungGen      total 5120K, used 500K [0x00000000eab00000, 0x00000000eb480000, 0x0000000100000000)
  eden space 4608K, 0% used [0x00000000eab00000,0x00000000eab00000,0x00000000eaf80000)
  from space 512K, 97% used [0x00000000eb000000,0x00000000eb07d200,0x00000000eb080000)
  to   space 1536K, 0% used [0x00000000eb300000,0x00000000eb300000,0x00000000eb480000)
 ParOldGen       total 300544K, used 299910K [0x00000000c0000000, 0x00000000d2580000, 0x00000000eab00000)
  object space 300544K, 99% used [0x00000000c0000000,0x00000000d24e1b40,0x00000000d2580000)
 Metaspace       used 82863K, committed 84352K, reserved 1179648K
  class space    used 8419K, committed 9152K, reserved 1048576K
}
Event: 183172.969 GC heap before
{Heap before GC invocations=206 (full 4):
 PSYoungGen      total 5120K, used 5108K [0x00000000eab00000, 0x00000000eb480000, 0x0000000100000000)
  eden space 4608K, 100% used [0x00000000eab00000,0x00000000eaf80000,0x00000000eaf80000)
  from space 512K, 97% used [0x00000000eb000000,0x00000000eb07d200,0x00000000eb080000)
  to   space 1536K, 0% used [0x00000000eb300000,0x00000000eb300000,0x00000000eb480000)
 ParOldGen       total 300544K, used 299910K [0x00000000c0000000, 0x00000000d2580000, 0x00000000eab00000)
  object space 300544K, 99% used [0x00000000c0000000,0x00000000d24e1b40,0x00000000d2580000)
 Metaspace       used 82863K, committed 84352K, reserved 1179648K
  class space    used 8419K, committed 9152K, reserved 1048576K
}
Event: 183172.976 GC heap after
{Heap after GC invocations=206 (full 4):
 PSYoungGen      total 5632K, used 672K [0x00000000eab00000, 0x00000000eb400000, 0x0000000100000000)
  eden space 4608K, 0% used [0x00000000eab00000,0x00000000eab00000,0x00000000eaf80000)
  from space 1024K, 65% used [0x00000000eb300000,0x00000000eb3a8000,0x00000000eb400000)
  to   space 1024K, 0% used [0x00000000eb200000,0x00000000eb200000,0x00000000eb300000)
 ParOldGen       total 300544K, used 300259K [0x00000000c0000000, 0x00000000d2580000, 0x00000000eab00000)
  object space 300544K, 99% used [0x00000000c0000000,0x00000000d2538d40,0x00000000d2580000)
 Metaspace       used 82863K, committed 84352K, reserved 1179648K
  class space    used 8419K, committed 9152K, reserved 1048576K
}

